# JRE version: OpenJDK Runtime Environment JBR-17.0.4.1+7-469.62-jcef (17.0.4.1+7) (build 17.0.4.1+7-b469.62)
# Java VM: OpenJDK 64-Bit Server VM JBR-17.0.4.1+7-469.62-jcef (17.0.4.1+7-b469.62, mixed mode, tiered, compressed oops, compressed class ptrs, g1 gc, windows-amd64)
GC Precious Log:
 CPUs: 4 total, 4 available
 Memory: 8128M
 Large Page Support: Disabled
 NUMA Support: Disabled
 Compressed Oops: Enabled (32-bit)
 Heap Region Size: 1M
 Heap Min Capacity: 128M
 Heap Initial Capacity: 128M
 Heap Max Capacity: 750M
 Pre-touch: Disabled
 Parallel Workers: 4
 Concurrent Workers: 1
 Concurrent Refinement Workers: 4
 Periodic GC: Disabled
Heap:
 garbage-first heap   total 131072K, used 10043K [0x00000000d1200000, 0x0000000100000000)
  region size 1024K, 6 young (6144K), 0 survivors (0K)
 Metaspace       used 20301K, committed 20736K, reserved 1073152K
  class space    used 1979K, committed 2112K, reserved 1048576K
GC Heap History (10 events):
Event: 2.805 GC heap before
{Heap before GC invocations=0 (full 0):
 garbage-first heap   total 131072K, used 12288K [0x00000000d1200000, 0x0000000100000000)
  region size 1024K, 13 young (13312K), 0 survivors (0K)
 Metaspace       used 15559K, committed 15808K, reserved 1064960K
  class space    used 1611K, committed 1728K, reserved 1048576K
}
Event: 2.977 GC heap after
{Heap after GC invocations=1 (full 0):
 garbage-first heap   total 131072K, used 3839K [0x00000000d1200000, 0x0000000100000000)
  region size 1024K, 2 young (2048K), 2 survivors (2048K)
 Metaspace       used 15559K, committed 15808K, reserved 1064960K
  class space    used 1611K, committed 1728K, reserved 1048576K
}
Event: 6.363 GC heap before
{Heap before GC invocations=1 (full 0):
 garbage-first heap   total 131072K, used 15103K [0x00000000d1200000, 0x0000000100000000)
  region size 1024K, 14 young (14336K), 2 survivors (2048K)
 Metaspace       used 19483K, committed 19776K, reserved 1073152K
  class space    used 1987K, committed 2112K, reserved 1048576K
}
Event: 6.371 GC heap after
{Heap after GC invocations=2 (full 0):
 garbage-first heap   total 131072K, used 5944K [0x00000000d1200000, 0x0000000100000000)
  region size 1024K, 2 young (2048K), 2 survivors (2048K)
 Metaspace       used 19483K, committed 19776K, reserved 1073152K
  class space    used 1987K, committed 2112K, reserved 1048576K
}
Event: 368.226 GC heap before
{Heap before GC invocations=2 (full 0):
 garbage-first heap   total 131072K, used 32568K [0x00000000d1200000, 0x0000000100000000)
  region size 1024K, 28 young (28672K), 2 survivors (2048K)
 Metaspace       used 20247K, committed 20480K, reserved 1073152K
  class space    used 2018K, committed 2112K, reserved 1048576K
}
Event: 368.252 GC heap after
{Heap after GC invocations=3 (full 0):
 garbage-first heap   total 131072K, used 6571K [0x00000000d1200000, 0x0000000100000000)
  region size 1024K, 3 young (3072K), 3 survivors (3072K)
 Metaspace       used 20247K, committed 20480K, reserved 1073152K
  class space    used 2018K, committed 2112K, reserved 1048576K
}
Event: 3600.053 GC heap before
{Heap before GC invocations=3 (full 0):
 garbage-first heap   total 131072K, used 43435K [0x00000000d1200000, 0x0000000100000000)
  region size 1024K, 40 young (40960K), 3 survivors (3072K)
 Metaspace       used 20498K, committed 20736K, reserved 1073152K
  class space    used 2021K, committed 2112K, reserved 1048576K
}
Event: 3600.301 GC heap after
{Heap after GC invocations=4 (full 1):
 garbage-first heap   total 131072K, used 5958K [0x00000000d1200000, 0x0000000100000000)
  region size 1024K, 0 young (0K), 0 survivors (0K)
 Metaspace       used 20498K, committed 20736K, reserved 1073152K
  class space    used 2021K, committed 2112K, reserved 1048576K
}
Event: 7200.309 GC heap before
{Heap before GC invocations=4 (full 1):
 garbage-first heap   total 131072K, used 11078K [0x00000000d1200000, 0x0000000100000000)
  region size 1024K, 6 young (6144K), 0 survivors (0K)
 Metaspace       used 20498K, committed 20736K, reserved 1073152K
  class space    used 2021K, committed 2112K, reserved 1048576K
}
Event: 7200.510 GC heap after
{Heap after GC invocations=5 (full 2):
 garbage-first heap   total 131072K, used 4923K [0x00000000d1200000, 0x0000000100000000)
  region size 1024K, 0 young (0K), 0 survivors (0K)
 Metaspace       used 20301K, committed 20736K, reserved 1073152K
  class space    used 1979K, committed 2112K, reserved 1048576K
}

